<?xml version="1.0" encoding="UTF-8"?>
<!-- Generated by org.testng.reporters.JUnitXMLReporter -->
<testsuite ignored="3" hostname="DESKTOP-QMM3709" failures="0" tests="1" name="Default test" time="11.085" errors="0" timestamp="2025-03-19T11:32:14 IST">
  <testcase classname="test.LoginTest" name="loginOne" time="1.052"/>
  <testcase classname="test.LoginTest" name="loginThree" time="0.0">
    <ignored/>
  </testcase> <!-- loginThree -->
  <testcase classname="test.LoginTest" name="loginFour" time="0.0">
    <ignored/>
  </testcase> <!-- loginFour -->
  <testcase classname="test.LoginTest" name="loginTwo" time="0.0">
    <ignored/>
  </testcase> <!-- loginTwo -->
</testsuite> <!-- Default test -->
