<?xml version="1.0" encoding="UTF-8"?>
<testng-results ignored="0" total="1" passed="1" failed="0" skipped="0">
  <reporter-output>
  </reporter-output>
  <suite started-at="2025-03-19T11:32:03 IST" name="Default suite" finished-at="2025-03-19T11:32:14 IST" duration-ms="11085">
    <groups>
    </groups>
    <test started-at="2025-03-19T11:32:03 IST" name="Default test" finished-at="2025-03-19T11:32:14 IST" duration-ms="11085">
      <class name="test.LoginTest">
        <test-method is-config="true" signature="openB()[pri:0, instance:test.LoginTest@1750fbeb]" started-at="2025-03-19T11:32:03 IST" name="openB" finished-at="2025-03-19T11:32:12 IST" duration-ms="9449" status="PASS">
          <reporter-output>
          </reporter-output>
        </test-method> <!-- openB -->
        <test-method signature="loginOne()[pri:0, instance:test.LoginTest@1750fbeb]" started-at="2025-03-19T11:32:12 IST" name="loginOne" finished-at="2025-03-19T11:32:13 IST" duration-ms="1052" status="PASS">
          <reporter-output>
          </reporter-output>
        </test-method> <!-- loginOne -->
        <test-method is-config="true" signature="end()[pri:0, instance:test.LoginTest@1750fbeb]" started-at="2025-03-19T11:32:13 IST" name="end" finished-at="2025-03-19T11:32:14 IST" duration-ms="476" status="PASS">
          <reporter-output>
          </reporter-output>
        </test-method> <!-- end -->
      </class> <!-- test.LoginTest -->
    </test> <!-- Default test -->
  </suite> <!-- Default suite -->
</testng-results>
