<?xml version="1.0" encoding="UTF-8"?>
<!-- Generated by org.testng.reporters.JUnitXMLReporter -->
<testsuite ignored="0" hostname="DESKTOP-QMM3709" failures="0" tests="6" name="Default test" time="26.123" errors="0" timestamp="2025-03-12T15:19:22 IST">
  <testcase classname="test.LoginTest" name="loginFive" time="0.621"/>
  <testcase classname="test.LoginTest" name="loginFour" time="5.515"/>
  <testcase classname="test.LoginTest" name="loginOne" time="0.511"/>
  <testcase classname="test.LoginTest" name="loginSix" time="0.466"/>
  <testcase classname="test.LoginTest" name="loginThree" time="0.427"/>
  <testcase classname="test.LoginTest" name="loginTwo" time="0.478"/>
</testsuite> <!-- Default test -->
