<?xml version="1.0" encoding="UTF-8"?>
<testng-results ignored="0" total="1" passed="1" failed="0" skipped="0">
  <reporter-output>
  </reporter-output>
  <suite started-at="2025-03-13T10:45:25 IST" name="Default suite" finished-at="2025-03-13T10:45:34 IST" duration-ms="8503">
    <groups>
    </groups>
    <test started-at="2025-03-13T10:45:25 IST" name="Default test" finished-at="2025-03-13T10:45:34 IST" duration-ms="8503">
      <class name="selenium.Facebook">
        <test-method signature="fb()[pri:0, instance:selenium.Facebook@41a0aa7d]" started-at="2025-03-13T10:45:25 IST" name="fb" finished-at="2025-03-13T10:45:34 IST" duration-ms="8428" status="PASS">
          <reporter-output>
          </reporter-output>
        </test-method> <!-- fb -->
      </class> <!-- selenium.Facebook -->
    </test> <!-- Default test -->
  </suite> <!-- Default suite -->
</testng-results>
