<?xml version="1.0" encoding="UTF-8"?>
<!-- Generated by org.testng.reporters.JUnitXMLReporter -->
<testsuite ignored="0" hostname="DESKTOP-QMM3709" failures="0" tests="6" name="Test" time="17.713" errors="0" timestamp="2025-03-11T18:31:38 IST">
  <testcase classname="selenium.TestClassTestNgSwagLab" name="loginFive" time="0.355"/>
  <testcase classname="selenium.TestClassTestNgSwagLab" name="loginFour" time="0.328"/>
  <testcase classname="selenium.TestClassTestNgSwagLab" name="loginOne" time="0.305"/>
  <testcase classname="selenium.TestClassTestNgSwagLab" name="loginSix" time="0.306"/>
  <testcase classname="selenium.TestClassTestNgSwagLab" name="loginThree" time="0.377"/>
  <testcase classname="selenium.TestClassTestNgSwagLab" name="loginTwo" time="0.314"/>
</testsuite> <!-- Test -->
